#
# There is insufficient memory for the Java Runtime Environment to continue.
# Native memory allocation (malloc) failed to allocate 1456976 bytes for Chunk::new
# Possible reasons:
#   The system is out of physical RAM or swap space
#   In 32 bit mode, the process size limit was hit
# Possible solutions:
#   Reduce memory load on the system
#   Increase physical memory or swap space
#   Check if swap backing store is full
#   Use 64 bit Java on a 64 bit OS
#   Decrease Java heap size (-Xmx/-Xms)
#   Decrease number of Java threads
#   Decrease Java thread stack sizes (-Xss)
#   Set larger code cache with -XX:ReservedCodeCacheSize=
# This output file may be truncated or incomplete.
#
#  Out of Memory Error (allocation.cpp:323), pid=6156, tid=1060
#
# JRE version: Java(TM) SE Runtime Environment (7.0_45-b18) (build 1.7.0_45-b18)
# Java VM: Java HotSpot(TM) 64-Bit Server VM (24.45-b08 mixed mode windows-amd64 compressed oops)
# Failed to write core dump. Minidumps are not enabled by default on client versions of Windows
#

---------------  T H R E A D  ---------------

Current thread (0x0000000009ba0800):  JavaThread "C2 CompilerThread1" daemon [_thread_in_native, id=1060, stack(0x0000000009fb0000,0x000000000a0b0000)]

Stack: [0x0000000009fb0000,0x000000000a0b0000]

Current CompileTask:
C2:   6865  315             org.springframework.util.StringUtils::collectionToDelimitedString (84 bytes)


---------------  P R O C E S S  ---------------

Java Threads: ( => current thread )
  0x000000000a5ce800 JavaThread "ReaderThread" [_thread_in_native, id=8124, stack(0x000000000b060000,0x000000000b160000)]
  0x0000000009bb8800 JavaThread "Service Thread" daemon [_thread_blocked, id=7576, stack(0x000000000a140000,0x000000000a240000)]
=>0x0000000009ba0800 JavaThread "C2 CompilerThread1" daemon [_thread_in_native, id=1060, stack(0x0000000009fb0000,0x000000000a0b0000)]
  0x000000000845a800 JavaThread "C2 CompilerThread0" daemon [_thread_in_native, id=8068, stack(0x0000000009aa0000,0x0000000009ba0000)]
  0x0000000008457000 JavaThread "Attach Listener" daemon [_thread_blocked, id=8188, stack(0x0000000009990000,0x0000000009a90000)]
  0x0000000008450000 JavaThread "Signal Dispatcher" daemon [_thread_blocked, id=7444, stack(0x0000000009880000,0x0000000009980000)]
  0x00000000083ff000 JavaThread "Finalizer" daemon [_thread_blocked, id=5496, stack(0x00000000094e0000,0x00000000095e0000)]
  0x00000000083f6000 JavaThread "Reference Handler" daemon [_thread_blocked, id=8036, stack(0x0000000009720000,0x0000000009820000)]
  0x00000000021ed000 JavaThread "main" [_thread_in_Java, id=2380, stack(0x0000000002690000,0x0000000002790000)]

Other Threads:
  0x00000000083ec000 VMThread [stack: 0x0000000009600000,0x0000000009700000] [id=1580]
  0x0000000009c07800 WatcherThread [stack: 0x000000000a3e0000,0x000000000a4e0000] [id=3752]

VM state:not at safepoint (normal execution)

VM Mutex/Monitor currently owned by a thread: None

Heap
 PSYoungGen      total 70656K, used 6918K [0x00000000eb600000, 0x00000000f0100000, 0x0000000100000000)
  eden space 65024K, 1% used [0x00000000eb600000,0x00000000eb741d00,0x00000000ef580000)
  from space 5632K, 99% used [0x00000000ef580000,0x00000000efaffc70,0x00000000efb00000)
  to   space 5120K, 0% used [0x00000000efb00000,0x00000000efb00000,0x00000000f0000000)
 ParOldGen       total 41984K, used 4527K [0x00000000c2200000, 0x00000000c4b00000, 0x00000000eb600000)
  object space 41984K, 10% used [0x00000000c2200000,0x00000000c266bfc8,0x00000000c4b00000)
 PSPermGen       total 21504K, used 19444K [0x00000000bd000000, 0x00000000be500000, 0x00000000c2200000)
  object space 21504K, 90% used [0x00000000bd000000,0x00000000be2fd040,0x00000000be500000)

Card table byte_map: [0x0000000005790000,0x00000000059b0000] byte_map_base: 0x00000000051a8000

Polling page: 0x0000000000420000

Code Cache  [0x0000000002790000, 0x0000000002a00000, 0x0000000005790000)
 total_blobs=642 nmethods=307 adapters=288 free_code_cache=47709Kb largest_free_block=48803200

Compilation events (10 events):
Event: 4.671 Thread 0x0000000009ba0800 nmethod 308 0x0000000002859810 code [0x0000000002859960, 0x0000000002859b78]
Event: 4.680 Thread 0x000000000845a800 nmethod 310 0x0000000002898f50 code [0x0000000002899100, 0x0000000002899940]
Event: 4.701 Thread 0x0000000009ba0800  311             java.lang.String::valueOf (14 bytes)
Event: 4.701 Thread 0x000000000845a800  312             java.lang.StringBuilder::append (9 bytes)
Event: 4.702 Thread 0x0000000009ba0800 nmethod 311 0x0000000002901350 code [0x00000000029014a0, 0x0000000002901518]
Event: 4.705 Thread 0x0000000009ba0800  313             java.util.regex.Pattern$Curly::match0 (174 bytes)
Event: 4.710 Thread 0x000000000845a800 nmethod 312 0x00000000028fa690 code [0x00000000028fa7e0, 0x00000000028fabd8]
Event: 4.710 Thread 0x000000000845a800  314             org.springframework.util.StringUtils::cleanPath (228 bytes)
Event: 4.722 Thread 0x0000000009ba0800 nmethod 313 0x00000000028fffd0 code [0x00000000029001a0, 0x0000000002900950]
Event: 4.723 Thread 0x0000000009ba0800  315             org.springframework.util.StringUtils::collectionToDelimitedString (84 bytes)

GC Heap History (10 events):
Event: 1.631 GC heap before
{Heap before GC invocations=3 (full 0):
 PSYoungGen      total 18944K, used 18932K [0x00000000eb600000, 0x00000000edb00000, 0x0000000100000000)
  eden space 16384K, 100% used [0x00000000eb600000,0x00000000ec600000,0x00000000ec600000)
  from space 2560K, 99% used [0x00000000ec880000,0x00000000ecafd2f8,0x00000000ecb00000)
  to   space 2560K, 0% used [0x00000000ec600000,0x00000000ec600000,0x00000000ec880000)
 ParOldGen       total 41984K, used 88K [0x00000000c2200000, 0x00000000c4b00000, 0x00000000eb600000)
  object space 41984K, 0% used [0x00000000c2200000,0x00000000c2216178,0x00000000c4b00000)
 PSPermGen       total 21504K, used 9879K [0x00000000bd000000, 0x00000000be500000, 0x00000000c2200000)
  object space 21504K, 45% used [0x00000000bd000000,0x00000000bd9a5c70,0x00000000be500000)
Event: 1.639 GC heap after
Heap after GC invocations=3 (full 0):
 PSYoungGen      total 18944K, used 2532K [0x00000000eb600000, 0x00000000edb00000, 0x0000000100000000)
  eden space 16384K, 0% used [0x00000000eb600000,0x00000000eb600000,0x00000000ec600000)
  from space 2560K, 98% used [0x00000000ec600000,0x00000000ec879070,0x00000000ec880000)
  to   space 2560K, 0% used [0x00000000ed880000,0x00000000ed880000,0x00000000edb00000)
 ParOldGen       total 41984K, used 1062K [0x00000000c2200000, 0x00000000c4b00000, 0x00000000eb600000)
  object space 41984K, 2% used [0x00000000c2200000,0x00000000c2309ab8,0x00000000c4b00000)
 PSPermGen       total 21504K, used 9879K [0x00000000bd000000, 0x00000000be500000, 0x00000000c2200000)
  object space 21504K, 45% used [0x00000000bd000000,0x00000000bd9a5c70,0x00000000be500000)
}
Event: 2.146 GC heap before
{Heap before GC invocations=4 (full 0):
 PSYoungGen      total 18944K, used 18916K [0x00000000eb600000, 0x00000000edb00000, 0x0000000100000000)
  eden space 16384K, 100% used [0x00000000eb600000,0x00000000ec600000,0x00000000ec600000)
  from space 2560K, 98% used [0x00000000ec600000,0x00000000ec879070,0x00000000ec880000)
  to   space 2560K, 0% used [0x00000000ed880000,0x00000000ed880000,0x00000000edb00000)
 ParOldGen       total 41984K, used 1062K [0x00000000c2200000, 0x00000000c4b00000, 0x00000000eb600000)
  object space 41984K, 2% used [0x00000000c2200000,0x00000000c2309ab8,0x00000000c4b00000)
 PSPermGen       total 21504K, used 10407K [0x00000000bd000000, 0x00000000be500000, 0x00000000c2200000)
  object space 21504K, 48% used [0x00000000bd000000,0x00000000bda29f70,0x00000000be500000)
Event: 2.154 GC heap after
Heap after GC invocations=4 (full 0):
 PSYoungGen      total 35328K, used 2548K [0x00000000eb600000, 0x00000000edb00000, 0x0000000100000000)
  eden space 32768K, 0% used [0x00000000eb600000,0x00000000eb600000,0x00000000ed600000)
  from space 2560K, 99% used [0x00000000ed880000,0x00000000edafd060,0x00000000edb00000)
  to   space 2560K, 0% used [0x00000000ed600000,0x00000000ed600000,0x00000000ed880000)
 ParOldGen       total 41984K, used 1617K [0x00000000c2200000, 0x00000000c4b00000, 0x00000000eb600000)
  object space 41984K, 3% used [0x00000000c2200000,0x00000000c2394578,0x00000000c4b00000)
 PSPermGen       total 21504K, used 10407K [0x00000000bd000000, 0x00000000be500000, 0x00000000c2200000)
  object space 21504K, 48% used [0x00000000bd000000,0x00000000bda29f70,0x00000000be500000)
}
Event: 2.969 GC heap before
{Heap before GC invocations=5 (full 0):
 PSYoungGen      total 35328K, used 35316K [0x00000000eb600000, 0x00000000edb00000, 0x0000000100000000)
  eden space 32768K, 100% used [0x00000000eb600000,0x00000000ed600000,0x00000000ed600000)
  from space 2560K, 99% used [0x00000000ed880000,0x00000000edafd060,0x00000000edb00000)
  to   space 2560K, 0% used [0x00000000ed600000,0x00000000ed600000,0x00000000ed880000)
 ParOldGen       total 41984K, used 1617K [0x00000000c2200000, 0x00000000c4b00000, 0x00000000eb600000)
  object space 41984K, 3% used [0x00000000c2200000,0x00000000c2394578,0x00000000c4b00000)
 PSPermGen       total 21504K, used 12350K [0x00000000bd000000, 0x00000000be500000, 0x00000000c2200000)
  object space 21504K, 57% used [0x00000000bd000000,0x00000000bdc0f900,0x00000000be500000)
Event: 3.005 GC heap after
Heap after GC invocations=5 (full 0):
 PSYoungGen      total 35328K, used 2528K [0x00000000eb600000, 0x00000000f0000000, 0x0000000100000000)
  eden space 32768K, 0% used [0x00000000eb600000,0x00000000eb600000,0x00000000ed600000)
  from space 2560K, 98% used [0x00000000ed600000,0x00000000ed878020,0x00000000ed880000)
  to   space 5120K, 0% used [0x00000000efb00000,0x00000000efb00000,0x00000000f0000000)
 ParOldGen       total 41984K, used 3318K [0x00000000c2200000, 0x00000000c4b00000, 0x00000000eb600000)
  object space 41984K, 7% used [0x00000000c2200000,0x00000000c253d9c0,0x00000000c4b00000)
 PSPermGen       total 21504K, used 12350K [0x00000000bd000000, 0x00000000be500000, 0x00000000c2200000)
  object space 21504K, 57% used [0x00000000bd000000,0x00000000bdc0f900,0x00000000be500000)
}
Event: 3.857 GC heap before
{Heap before GC invocations=6 (full 0):
 PSYoungGen      total 35328K, used 35296K [0x00000000eb600000, 0x00000000f0000000, 0x0000000100000000)
  eden space 32768K, 100% used [0x00000000eb600000,0x00000000ed600000,0x00000000ed600000)
  from space 2560K, 98% used [0x00000000ed600000,0x00000000ed878020,0x00000000ed880000)
  to   space 5120K, 0% used [0x00000000efb00000,0x00000000efb00000,0x00000000f0000000)
 ParOldGen       total 41984K, used 3318K [0x00000000c2200000, 0x00000000c4b00000, 0x00000000eb600000)
  object space 41984K, 7% used [0x00000000c2200000,0x00000000c253d9c0,0x00000000c4b00000)
 PSPermGen       total 21504K, used 15326K [0x00000000bd000000, 0x00000000be500000, 0x00000000c2200000)
  object space 21504K, 71% used [0x00000000bd000000,0x00000000bdef7b10,0x00000000be500000)
Event: 3.879 GC heap after
Heap after GC invocations=6 (full 0):
 PSYoungGen      total 70144K, used 5091K [0x00000000eb600000, 0x00000000f0100000, 0x0000000100000000)
  eden space 65024K, 0% used [0x00000000eb600000,0x00000000eb600000,0x00000000ef580000)
  from space 5120K, 99% used [0x00000000efb00000,0x00000000efff8c98,0x00000000f0000000)
  to   space 5632K, 0% used [0x00000000ef580000,0x00000000ef580000,0x00000000efb00000)
 ParOldGen       total 41984K, used 3334K [0x00000000c2200000, 0x00000000c4b00000, 0x00000000eb600000)
  object space 41984K, 7% used [0x00000000c2200000,0x00000000c25419c0,0x00000000c4b00000)
 PSPermGen       total 21504K, used 15326K [0x00000000bd000000, 0x00000000be500000, 0x00000000c2200000)
  object space 21504K, 71% used [0x00000000bd000000,0x00000000bdef7b10,0x00000000be500000)
}
Event: 4.795 GC heap before
{Heap before GC invocations=7 (full 0):
 PSYoungGen      total 70144K, used 70115K [0x00000000eb600000, 0x00000000f0100000, 0x0000000100000000)
  eden space 65024K, 100% used [0x00000000eb600000,0x00000000ef580000,0x00000000ef580000)
  from space 5120K, 99% used [0x00000000efb00000,0x00000000efff8c98,0x00000000f0000000)
  to   space 5632K, 0% used [0x00000000ef580000,0x00000000ef580000,0x00000000efb00000)
 ParOldGen       total 41984K, used 3334K [0x00000000c2200000, 0x00000000c4b00000, 0x00000000eb600000)
  object space 41984K, 7% used [0x00000000c2200000,0x00000000c25419c0,0x00000000c4b00000)
 PSPermGen       total 21504K, used 19443K [0x00000000bd000000, 0x00000000be500000, 0x00000000c2200000)
  object space 21504K, 90% used [0x00000000bd000000,0x00000000be2fcf20,0x00000000be500000)
Event: 5.836 GC heap after
Heap after GC invocations=7 (full 0):
 PSYoungGen      total 70656K, used 5631K [0x00000000eb600000, 0x00000000f0100000, 0x0000000100000000)
  eden space 65024K, 0% used [0x00000000eb600000,0x00000000eb600000,0x00000000ef580000)
  from space 5632K, 99% used [0x00000000ef580000,0x00000000efaffc70,0x00000000efb00000)
  to   space 5120K, 0% used [0x00000000efb00000,0x00000000efb00000,0x00000000f0000000)
 ParOldGen       total 41984K, used 4527K [0x00000000c2200000, 0x00000000c4b00000, 0x00000000eb600000)
  object space 41984K, 10% used [0x00000000c2200000,0x00000000c266bfc8,0x00000000c4b00000)
 PSPermGen       total 21504K, used 19443K [0x00000000bd000000, 0x00000000be500000, 0x00000000c2200000)
  object space 21504K, 90% used [0x00000000bd000000,0x00000000be2fcf20,0x00000000be500000)
}

Deoptimization events (10 events):
Event: 4.141 Thread 0x00000000021ed000 Uncommon trap: reason=class_check action=maybe_recompile pc=0x00000000028ed634 method=java.util.regex.Pattern$Branch.match(Ljava/util/regex/Matcher;ILjava/lang/CharSequence;)Z @ 50
Event: 4.141 Thread 0x00000000021ed000 Uncommon trap: reason=class_check action=maybe_recompile pc=0x00000000028ed634 method=java.util.regex.Pattern$Branch.match(Ljava/util/regex/Matcher;ILjava/lang/CharSequence;)Z @ 50
Event: 4.141 Thread 0x00000000021ed000 Uncommon trap: reason=class_check action=maybe_recompile pc=0x00000000028ed634 method=java.util.regex.Pattern$Branch.match(Ljava/util/regex/Matcher;ILjava/lang/CharSequence;)Z @ 50
Event: 4.141 Thread 0x00000000021ed000 Uncommon trap: reason=class_check action=maybe_recompile pc=0x00000000028ed634 method=java.util.regex.Pattern$Branch.match(Ljava/util/regex/Matcher;ILjava/lang/CharSequence;)Z @ 50
Event: 4.282 Thread 0x00000000021ed000 Uncommon trap: reason=unreached action=reinterpret pc=0x0000000002806d54 method=java.lang.AbstractStringBuilder.append(Ljava/lang/String;)Ljava/lang/AbstractStringBuilder; @ 1
Event: 4.334 Thread 0x00000000021ed000 Uncommon trap: reason=class_check action=maybe_recompile pc=0x00000000028f61b4 method=java.util.concurrent.ConcurrentHashMap$Segment.put(Ljava/lang/Object;ILjava/lang/Object;Z)Ljava/lang/Object; @ 77
Event: 4.334 Thread 0x00000000021ed000 Uncommon trap: reason=class_check action=maybe_recompile pc=0x00000000028f61b4 method=java.util.concurrent.ConcurrentHashMap$Segment.put(Ljava/lang/Object;ILjava/lang/Object;Z)Ljava/lang/Object; @ 77
Event: 4.336 Thread 0x00000000021ed000 Uncommon trap: reason=class_check action=maybe_recompile pc=0x00000000028f61b4 method=java.util.concurrent.ConcurrentHashMap$Segment.put(Ljava/lang/Object;ILjava/lang/Object;Z)Ljava/lang/Object; @ 77
Event: 4.336 Thread 0x00000000021ed000 Uncommon trap: reason=class_check action=maybe_recompile pc=0x00000000028f61b4 method=java.util.concurrent.ConcurrentHashMap$Segment.put(Ljava/lang/Object;ILjava/lang/Object;Z)Ljava/lang/Object; @ 77
Event: 4.337 Thread 0x00000000021ed000 Uncommon trap: reason=unreached action=reinterpret pc=0x00000000028f3f58 method=java.lang.reflect.Method.equals(Ljava/lang/Object;)Z @ 92

Internal exceptions (10 events):
Event: 4.689 Thread 0x00000000021ed000 Threw 0x00000000eeee9ba0 at C:\re\jdk7u45\229\hotspot\src\share\vm\prims\jvm.cpp:1244
Event: 4.691 Thread 0x00000000021ed000 Threw 0x00000000eef06498 at C:\re\jdk7u45\229\hotspot\src\share\vm\prims\jvm.cpp:1244
Event: 4.691 Thread 0x00000000021ed000 Threw 0x00000000eef1b170 at C:\re\jdk7u45\229\hotspot\src\share\vm\prims\jvm.cpp:1244
Event: 4.692 Thread 0x00000000021ed000 Threw 0x00000000eef2d1b8 at C:\re\jdk7u45\229\hotspot\src\share\vm\prims\jvm.cpp:1244
Event: 4.693 Thread 0x00000000021ed000 Threw 0x00000000eef41d68 at C:\re\jdk7u45\229\hotspot\src\share\vm\prims\jvm.cpp:1244
Event: 4.694 Thread 0x00000000021ed000 Threw 0x00000000eef59ea8 at C:\re\jdk7u45\229\hotspot\src\share\vm\prims\jvm.cpp:1244
Event: 4.694 Thread 0x00000000021ed000 Threw 0x00000000eef5ac90 at C:\re\jdk7u45\229\hotspot\src\share\vm\prims\jvm.cpp:1244
Event: 4.694 Thread 0x00000000021ed000 Threw 0x00000000eef72900 at C:\re\jdk7u45\229\hotspot\src\share\vm\prims\jvm.cpp:1244
Event: 4.694 Thread 0x00000000021ed000 Threw 0x00000000eef73a98 at C:\re\jdk7u45\229\hotspot\src\share\vm\prims\jvm.cpp:1244
Event: 4.695 Thread 0x00000000021ed000 Threw 0x00000000eef89f58 at C:\re\jdk7u45\229\hotspot\src\share\vm\prims\jvm.cpp:1244

Events (10 events):
Event: 4.693 loading class 0x000000000b4fa680
Event: 4.693 loading class 0x000000000b4fa680 done
Event: 4.694 loading class 0x000000000b4fa6d0
Event: 4.694 loading class 0x000000000b4fa6d0 done
Event: 4.694 loading class 0x000000000b4c5d00
Event: 4.694 loading class 0x000000000b4c5d00 done
Event: 4.695 loading class 0x000000000bbc3210
Event: 4.695 loading class 0x000000000bbc3210 done
Event: 4.795 Executing VM operation: ParallelGCFailedAllocation
Event: 6.836 Executing VM operation: ParallelGCFailedAllocation done


Dynamic libraries:
0x000000013f660000 - 0x000000013f693000 	C:\Program Files\Java\jdk1.7.0_45\jre\bin\javaw.exe
0x00000000778a0000 - 0x0000000077a49000 	C:\Windows\SYSTEM32\ntdll.dll
0x0000000077780000 - 0x000000007789f000 	C:\Windows\system32\kernel32.dll
0x000007fefd760000 - 0x000007fefd7cc000 	C:\Windows\system32\KERNELBASE.dll
0x000007fefdc70000 - 0x000007fefdd4b000 	C:\Windows\system32\ADVAPI32.dll
0x000007fefdeb0000 - 0x000007fefdf4f000 	C:\Windows\system32\msvcrt.dll
0x000007fefe310000 - 0x000007fefe32f000 	C:\Windows\SYSTEM32\sechost.dll
0x000007fefe330000 - 0x000007fefe45d000 	C:\Windows\system32\RPCRT4.dll
0x0000000077680000 - 0x000000007777a000 	C:\Windows\system32\USER32.dll
0x000007fefda20000 - 0x000007fefda87000 	C:\Windows\system32\GDI32.dll
0x000007fefe530000 - 0x000007fefe53e000 	C:\Windows\system32\LPK.dll
0x000007fefe460000 - 0x000007fefe529000 	C:\Windows\system32\USP10.dll
0x000007fefbf00000 - 0x000007fefc0f4000 	C:\Windows\WinSxS\amd64_microsoft.windows.common-controls_6595b64144ccf1df_6.0.7601.17514_none_fa396087175ac9ac\COMCTL32.dll
0x000007fefe540000 - 0x000007fefe5b1000 	C:\Windows\system32\SHLWAPI.dll
0x000007fefe720000 - 0x000007fefe74e000 	C:\Windows\system32\IMM32.DLL
0x000007fefe200000 - 0x000007fefe309000 	C:\Windows\system32\MSCTF.dll
0x00000000575b0000 - 0x0000000057682000 	C:\Program Files\Java\jdk1.7.0_45\jre\bin\msvcr100.dll
0x0000000055c60000 - 0x0000000056429000 	C:\Program Files\Java\jdk1.7.0_45\jre\bin\server\jvm.dll
0x000007fefa150000 - 0x000007fefa159000 	C:\Windows\system32\WSOCK32.dll
0x000007fefeb00000 - 0x000007fefeb4d000 	C:\Windows\system32\WS2_32.dll
0x000007fefe960000 - 0x000007fefe968000 	C:\Windows\system32\NSI.dll
0x000007fefae70000 - 0x000007fefaeab000 	C:\Windows\system32\WINMM.dll
0x0000000077a60000 - 0x0000000077a67000 	C:\Windows\system32\PSAPI.DLL
0x0000000061bc0000 - 0x0000000061bcf000 	C:\Program Files\Java\jdk1.7.0_45\jre\bin\verify.dll
0x0000000061b90000 - 0x0000000061bb8000 	C:\Program Files\Java\jdk1.7.0_45\jre\bin\java.dll
0x0000000061b70000 - 0x0000000061b85000 	C:\Program Files\Java\jdk1.7.0_45\jre\bin\zip.dll
0x0000000061b50000 - 0x0000000061b69000 	C:\Program Files\Java\jdk1.7.0_45\jre\bin\net.dll
0x000007fefce00000 - 0x000007fefce55000 	C:\Windows\system32\mswsock.dll
0x000007fefcdf0000 - 0x000007fefcdf7000 	C:\Windows\System32\wship6.dll
0x0000000057750000 - 0x0000000057761000 	C:\Program Files\Java\jdk1.7.0_45\jre\bin\nio.dll
0x0000000057740000 - 0x000000005774b000 	C:\Program Files\Java\jdk1.7.0_45\jre\bin\management.dll
0x000007fefae10000 - 0x000007fefae25000 	C:\Windows\system32\NLAapi.dll
0x000007fef5d30000 - 0x000007fef5d45000 	C:\Windows\system32\napinsp.dll
0x000007fef5b40000 - 0x000007fef5b59000 	C:\Windows\system32\pnrpnsp.dll
0x000007fef7630000 - 0x000007fef7640000 	C:\Windows\system32\wshbth.dll
0x000007fefcc80000 - 0x000007fefccdb000 	C:\Windows\system32\DNSAPI.dll
0x000007fef56e0000 - 0x000007fef56eb000 	C:\Windows\System32\winrnr.dll
0x00000000715e0000 - 0x0000000071606000 	C:\Program Files\Bonjour\mdnsNSP.dll
0x000007fefab10000 - 0x000007fefab37000 	C:\Windows\system32\Iphlpapi.DLL
0x000007fefaae0000 - 0x000007fefaaeb000 	C:\Windows\system32\WINNSI.DLL
0x000007fef8100000 - 0x000007fef812f000 	C:\Program Files\Common Files\Microsoft Shared\Windows Live\WLIDNSP.DLL
0x000007fefc690000 - 0x000007fefc697000 	C:\Windows\System32\wshtcpip.dll
0x000007fef80f0000 - 0x000007fef80f8000 	C:\Windows\system32\rasadhlp.dll
0x000007fefaa20000 - 0x000007fefaa73000 	C:\Windows\System32\fwpuclnt.dll

VM Arguments:
jvm_args: -Dfile.encoding=UTF-8 
java_command: org.eclipse.jdt.internal.junit.runner.RemoteTestRunner -version 3 -port 2003 -testLoaderClass org.eclipse.jdt.internal.junit4.runner.JUnit4TestLoader -loaderpluginname org.eclipse.jdt.junit4.runtime -test com.ilimi.taxonomy.controller.lob.DeleteRelationGameTest:unsupportedRealation
Launcher Type: SUN_STANDARD

Environment Variables:
JAVA_HOME=C:\Program Files\Java\jdk1.7.0_45
CLASSPATH=.;C:\OpenSpliceDDS\HDE\x86.win32\jar\dcpssaj.jar;C:\OpenSpliceDDS\HDE\x86.win32\jar\dcpscj.jar;C:\Program Files (x86)\Java\jre7\lib\ext\QTJava.zip
PATH=C:\ProgramData\Oracle\Java\javapath;E:\Oracle\Express\app\oracle\product\11.2.0\server\bin;;C:\Program Files\Common Files\Microsoft Shared\Windows Live;C:\Program Files (x86)\Common Files\Microsoft Shared\Windows Live;C:\Users\Feroz\AppData\Roaming\Oracle\ATS\bin;C:\Development\javafx-sdk1.2\bin;C:\Development\javafx-sdk1.2\emulator\bin;C:\Program Files\Java\jdk1.7.0_45\bin;C:\Windows\system32;C:\Windows;C:\Windows\System32\Wbem;C:\Windows\System32\WindowsPowerShell\v1.0\;C:\Program Files\Dell\Dell Wireless WLAN Card;c:\Program Files (x86)\ATI Technologies\ATI.ACE\Core-Static;c:\Program Files\WIDCOMM\Bluetooth Software\;c:\Program Files\WIDCOMM\Bluetooth Software\syswow64;c:\Program Files (x86)\Common Files\Roxio Shared\DLLShared\;C:\Program Files (x86)\WinSCP\;C:\Tools\apache-ant-1.7.1\bin;C:\OpenSpliceDDS\HDE\x86.win32\lib;C:\OpenSpliceDDS\HDE\x86.win32\bin;C:\Program Files (x86)\CMake 2.8\bin;C:\Program Files (x86)\Microsoft Visual Studio 9.0\VC\;C:\Program Files (x86)\doxygen\bin;C:\Tools\Graphviz2.26.3\bin;C:\Development\Python26;C:\Program Files (x86)\GnuWin32\bin;C:\Program Files (x86)\HTML Help Workshop;C:\Program Files (x86)\gs\gs8.71\bin;C:\Enabler\Server\Bin;C:\Program Files (x86)\Artisan Software Tools\Artisan Real-time Studio\ItsShadow\Exe;C:\Program Files (x86)\WinMerge;C:\Program Files (x86)\Windows Live\Shared;C:\Tools\apache-maven-3.0.1\bin;C:\Program Files (x86)\NUnit 2.5.7\bin\net-2.0;C:\Program Files (x86)\Microsoft SQL Server\100\Tools\Binn\;C:\Program Files\Microsoft SQL Server\100\Tools\Binn\;C:\Program Files\Microsoft SQL Server\100\DTS\Binn\;C:\Windows\Microsoft.NET\Framework64\v4.0.30319;E:\Cygwin\bin;C:\Program Files (x86)\QuickTime\QTSystem\;C:\Program Files\TortoiseSVN\bin;C:\Program Files\7-Zip;C:\Program Files (x86)\scala\\bin;C:\Tools\nodejs\;C:\Program Files (x86)\Skype\Phone\;C:\Users\Mahesh\AppData\Roaming\npm
USERNAME=Mahesh
OS=Windows_NT
PROCESSOR_IDENTIFIER=Intel64 Family 6 Model 37 Stepping 2, GenuineIntel



---------------  S Y S T E M  ---------------

OS: Windows 7 , 64 bit Build 7601 Service Pack 1

CPU:total 4 (2 cores per cpu, 2 threads per core) family 6 model 37 stepping 2, cmov, cx8, fxsr, mmx, sse, sse2, sse3, ssse3, sse4.1, sse4.2, popcnt, ht, tsc, tscinvbit

Memory: 4k page, physical 4051480k(1178604k free), swap 8923952k(11672k free)

vm_info: Java HotSpot(TM) 64-Bit Server VM (24.45-b08) for windows-amd64 JRE (1.7.0_45-b18), built on Oct  8 2013 05:47:22 by "java_re" with unknown MS VC++:1600

time: Fri May 15 23:38:12 2015
elapsed time: 6 seconds

